<?xml version="1.0" encoding="UTF-8"?>
<!-- Generated by org.testng.reporters.JUnitReportReporter -->
<testsuite hostname="DESKTOP-H99HC3D" failures="0" tests="1" name="CucumberOptions.TestRunner" time="110.254" errors="0" timestamp="9 Mar 2021 06:39:46 GMT">
  <testcase classname="CucumberOptions.TestRunner" name="feature" time="110.254"/>
</testsuite> <!-- CucumberOptions.TestRunner -->
