<?xml version="1.0" encoding="UTF-8"?>
<!-- Generated by org.testng.reporters.JUnitReportReporter -->
<testsuite hostname="DESKTOP-H99HC3D" failures="0" tests="1" name="maven.nikhil.validateNavigationBar" time="0.836" errors="0" timestamp="8 Mar 2021 06:19:42 GMT">
  <testcase classname="maven.nikhil.validateNavigationBar" name="basePageNavigation" time="0.836"/>
</testsuite> <!-- maven.nikhil.validateNavigationBar -->
