<?xml version="1.0" encoding="UTF-8"?>
<!-- Generated by org.testng.reporters.JUnitReportReporter -->
<testsuite hostname="DESKTOP-H99HC3D" failures="0" tests="2" name="maven.nikhil.HomePage" time="32.667" errors="0" timestamp="8 Mar 2021 07:13:20 GMT">
  <testcase classname="maven.nikhil.HomePage" name="basePageNavigation" time="19.926"/>
  <testcase classname="maven.nikhil.HomePage" name="basePageNavigation" time="12.741"/>
</testsuite> <!-- maven.nikhil.HomePage -->
