<?xml version="1.0" encoding="UTF-8"?>
<!-- Generated by org.testng.reporters.JUnitReportReporter -->
<testsuite hostname="DESKTOP-H99HC3D" failures="0" tests="1" name="CucumberOptions.TestRunner" time="102.942" errors="0" timestamp="9 Mar 2021 06:44:24 GMT">
  <testcase classname="CucumberOptions.TestRunner" name="feature" time="102.942"/>
</testsuite> <!-- CucumberOptions.TestRunner -->
